<?xml version="1.0" encoding="UTF-8"?>
<!-- Generated by org.testng.reporters.JUnitReportReporter -->
<testsuite hostname="LAPTOP-MCJLI0KK" failures="0" tests="7" name="testNG.AlertsChecking" time="39.853" errors="0" timestamp="2022-09-21T22:03:58 EDT" skipped="0">
  <testcase classname="testNG.AlertsChecking" name="LaunchAlertsPage" time="26.733"/>
  <system-out/>
  <testcase classname="testNG.AlertsChecking" name="SimpleAlert" time="8.156"/>
  <system-out/>
  <testcase classname="testNG.AlertsChecking" name="ConfirmAlertBoxOk" time="1.162"/>
  <system-out/>
  <testcase classname="testNG.AlertsChecking" name="ConfirmAlertBoxCancel" time="0.778"/>
  <system-out/>
  <testcase classname="testNG.AlertsChecking" name="PromptAlertBoxOkYes" time="1.342"/>
  <system-out/>
  <testcase classname="testNG.AlertsChecking" name="PromptAlertBoxNo" time="0.960"/>
  <system-out/>
  <testcase classname="testNG.AlertsChecking" name="PromptAlertBoxCancel" time="0.722"/>
  <system-out/>
</testsuite> <!-- testNG.AlertsChecking -->
